<?xml version="1.0" encoding="UTF-8"?>
<testng-results ignored="0" total="1" passed="1" failed="0" skipped="0">
  <reporter-output>
  </reporter-output>
  <suite started-at="2022-02-16T16:14:45 IST" name="Default suite" finished-at="2022-02-16T16:14:46 IST" duration-ms="381">
    <groups>
    </groups>
    <test started-at="2022-02-16T16:14:45 IST" name="Default test" finished-at="2022-02-16T16:14:46 IST" duration-ms="381">
      <class name="com.Parsing.test.EmpDetailsTest">
        <test-method signature="details()[pri:0, instance:com.Parsing.test.EmpDetailsTest@2177849e]" started-at="2022-02-16T16:14:45 IST" name="details" finished-at="2022-02-16T16:14:46 IST" duration-ms="315" status="PASS">
          <reporter-output>
          </reporter-output>
        </test-method> <!-- details -->
      </class> <!-- com.Parsing.test.EmpDetailsTest -->
    </test> <!-- Default test -->
  </suite> <!-- Default suite -->
</testng-results>
